{
  "RSpec": {
    "coverage": {
      "/home/manhattan/coderschool/lecture-3/CoderTicket/app/helpers/application_helper.rb": [
        1,
        1,
        0,
        null,
        null,
        1,
        null,
        0,
        0,
        null,
        0,
        null,
        null
      ],
      "/home/manhattan/coderschool/lecture-3/CoderTicket/app/helpers/events_helper.rb": [
        1,
        1,
        1,
        null,
        null
      ],
      "/home/manhattan/coderschool/lecture-3/CoderTicket/app/helpers/orders_helper.rb": [
        1,
        null
      ],
      "/home/manhattan/coderschool/lecture-3/CoderTicket/app/helpers/tickets_helper.rb": [
        1,
        1,
        0,
        null,
        null
      ],
      "/home/manhattan/coderschool/lecture-3/CoderTicket/app/models/user.rb": [
        1,
        null,
        null,
        1,
        null,
        null,
        1,
        null
      ],
      "/home/manhattan/coderschool/lecture-3/CoderTicket/app/models/application_record.rb": [
        1,
        1,
        null
      ],
      "/home/manhattan/coderschool/lecture-3/CoderTicket/app/controllers/events_controller.rb": [
        1,
        1,
        2,
        1,
        null,
        1,
        null,
        null,
        null,
        1,
        0,
        null,
        null,
        1,
        null,
        2,
        1,
        null,
        1,
        null,
        null,
        null,
        1,
        1,
        1,
        null,
        0,
        0,
        null,
        null,
        1,
        1,
        null,
        null,
        null,
        null,
        null,
        1,
        0,
        0,
        null,
        0,
        0,
        null,
        null,
        0,
        null,
        0,
        null,
        null,
        0,
        null,
        null,
        0,
        null,
        null,
        1,
        0,
        0,
        0,
        null,
        null,
        1,
        0,
        null,
        null,
        1,
        0,
        null,
        null,
        1,
        0,
        0,
        0,
        0,
        0,
        0,
        0,
        null,
        0,
        0,
        null,
        null,
        0,
        0,
        null,
        null,
        null
      ],
      "/home/manhattan/coderschool/lecture-3/CoderTicket/app/controllers/application_controller.rb": [
        1,
        null,
        null,
        1,
        1,
        null,
        1,
        null,
        1,
        0,
        0,
        null,
        null
      ],
      "/home/manhattan/coderschool/lecture-3/CoderTicket/app/controllers/orders_controller.rb": [
        1,
        1,
        0,
        0,
        0,
        0,
        0,
        null,
        null,
        null,
        0,
        0,
        0,
        null,
        0,
        0,
        null,
        null,
        0,
        0,
        null,
        null,
        null,
        1,
        0,
        null,
        null
      ],
      "/home/manhattan/coderschool/lecture-3/CoderTicket/app/controllers/tickets_controller.rb": [
        1,
        1,
        0,
        0,
        null,
        null,
        1,
        0,
        null,
        0,
        null,
        0,
        0,
        0,
        null,
        0,
        null,
        null,
        null,
        1,
        0,
        null,
        null,
        1,
        0,
        0,
        0,
        0,
        null,
        0,
        0,
        null,
        null,
        0,
        null,
        null,
        null,
        1,
        1,
        0,
        null,
        null
      ],
      "/home/manhattan/coderschool/lecture-3/CoderTicket/app/models/category.rb": [
        1,
        1,
        1,
        null
      ],
      "/home/manhattan/coderschool/lecture-3/CoderTicket/app/models/event.rb": [
        1,
        1,
        1,
        1,
        1,
        null,
        1,
        1,
        null,
        1,
        2,
        null,
        null,
        1,
        3,
        null,
        null,
        1,
        0,
        null,
        null,
        1,
        0,
        null,
        null
      ],
      "/home/manhattan/coderschool/lecture-3/CoderTicket/app/models/order_detail.rb": [
        1,
        1,
        1,
        null,
        1,
        null,
        null,
        1,
        null
      ],
      "/home/manhattan/coderschool/lecture-3/CoderTicket/app/models/order.rb": [
        1,
        1,
        null,
        1,
        null
      ],
      "/home/manhattan/coderschool/lecture-3/CoderTicket/app/models/ticket_type.rb": [
        1,
        1,
        null,
        1,
        1,
        1,
        null,
        null,
        1,
        null,
        1,
        12,
        null,
        null,
        1,
        1,
        1,
        1,
        1,
        1,
        1,
        null,
        null,
        null,
        0,
        0,
        null,
        0,
        null,
        null,
        null
      ],
      "/home/manhattan/coderschool/lecture-3/CoderTicket/app/models/venue.rb": [
        1,
        1,
        1,
        null
      ],
      "/home/manhattan/coderschool/lecture-3/CoderTicket/app/models/region.rb": [
        1,
        1,
        1,
        null
      ]
    },
    "timestamp": 1477811401
  }
}
